<?xml version="1.0" encoding="UTF-8"?>
<testng-results ignored="0" total="1" passed="1" failed="0" skipped="0">
  <reporter-output>
  </reporter-output>
  <suite started-at="2024-03-05T13:28:09 IST" name="Default suite" finished-at="2024-03-05T13:28:39 IST" duration-ms="29867">
    <groups>
    </groups>
    <test started-at="2024-03-05T13:28:09 IST" name="Default test" finished-at="2024-03-05T13:28:39 IST" duration-ms="29867">
      <class name="test.Pagedrivenframeworktest">
        <test-method is-config="true" signature="setup()[pri:0, instance:test.Pagedrivenframeworktest@4ec4f3a0]" started-at="2024-03-05T13:28:09 IST" name="setup" finished-at="2024-03-05T13:28:10 IST" duration-ms="1361" status="PASS">
          <reporter-output>
          </reporter-output>
        </test-method> <!-- setup -->
        <test-method is-config="true" signature="url()[pri:0, instance:test.Pagedrivenframeworktest@4ec4f3a0]" started-at="2024-03-05T13:28:10 IST" name="url" finished-at="2024-03-05T13:28:11 IST" duration-ms="961" status="PASS">
          <reporter-output>
          </reporter-output>
        </test-method> <!-- url -->
        <test-method signature="verifyLoginWithValidCred()[pri:0, instance:test.Pagedrivenframeworktest@4ec4f3a0]" started-at="2024-03-05T13:28:11 IST" name="verifyLoginWithValidCred" finished-at="2024-03-05T13:28:39 IST" duration-ms="27515" status="PASS">
          <reporter-output>
          </reporter-output>
        </test-method> <!-- verifyLoginWithValidCred -->
      </class> <!-- test.Pagedrivenframeworktest -->
    </test> <!-- Default test -->
  </suite> <!-- Default suite -->
</testng-results>
